<?xml version="1.0" encoding="UTF-8"?>
<robot generator="Robot 4.1.3 (Python 3.10.1 on win32)" generated="20211225 12:49:43.711" rpa="false" schemaversion="2">
<suite id="s1" name="Test" source="C:\Users\suneet\PycharmProjects\pythonProject\testui\test">
<kw name="Set System Properties" library="system_properties" type="SETUP">
<doc>Set the system properties required for the test</doc>
<kw name="Set Browser Driver Path" library="system_properties">
<doc>Set the path for the driver of respective browser</doc>
<kw name="Evaluate" library="BuiltIn">
<var>${system}</var>
<arg>platform.system()</arg>
<arg>platform</arg>
<doc>Evaluates the given expression in Python and returns the result.</doc>
<msg timestamp="20211225 12:49:44.102" level="INFO">${system} = Windows</msg>
<status status="PASS" starttime="20211225 12:49:44.102" endtime="20211225 12:49:44.102"/>
</kw>
<if>
<branch type="IF" condition="'${system}'=='Windows' and '${BROWSER}'=='chrome'">
<kw name="Append To Environment Variable" library="OperatingSystem">
<arg>PATH</arg>
<arg>${WINDOWS_CHROME_DRIVER_PATH}</arg>
<doc>Appends given ``values`` to environment variable ``name``.</doc>
<status status="NOT RUN" starttime="20211225 12:49:44.118" endtime="20211225 12:49:44.118"/>
</kw>
<status status="NOT RUN" starttime="20211225 12:49:44.102" endtime="20211225 12:49:44.118"/>
</branch>
<branch type="ELSE">
<kw name="Append To Environment Variable" library="OperatingSystem">
<arg>PATH</arg>
<arg>${WINDOWS_FIREFOX_DRIVER_PATH}</arg>
<doc>Appends given ``values`` to environment variable ``name``.</doc>
<msg timestamp="20211225 12:49:44.118" level="INFO">Environment variable 'PATH' set to value 'C:\Program Files\Python310\Scripts\;C:\Program Files\Python310\;C:\Program Files (x86)\NVIDIA Corporation\PhysX\Common;C:\Windows\system32;C:\Windows;C:\Windows\System32\Wbem;C:\Windows\System32\WindowsPowerShell\v1.0\;C:\Windows\System32\OpenSSH\;C:\Users\suneet\AppData\Local\Microsoft\WindowsApps;C:\Program Files\JetBrains\PyCharm Community Edition 2021.3\bin;C:\Users\suneet\AppData\Local\Programs\Microsoft VS Code\bin;C:\Users\suneet\PycharmProjects\pythonProject\drivers\windows\firefox'.</msg>
<status status="PASS" starttime="20211225 12:49:44.118" endtime="20211225 12:49:44.118"/>
</kw>
<status status="PASS" starttime="20211225 12:49:44.118" endtime="20211225 12:49:44.118"/>
</branch>
<status status="PASS" starttime="20211225 12:49:44.102" endtime="20211225 12:49:44.118"/>
</if>
<kw name="Set Global Variable" library="BuiltIn">
<arg>${DOWNLOAD_DIR}</arg>
<arg>${WIN_DOWNLOAD_DIR}</arg>
<doc>Makes a variable available globally in all tests and suites.</doc>
<msg timestamp="20211225 12:49:44.118" level="INFO">${DOWNLOAD_DIR} = C:\Users\suneet\PycharmProjects\pythonProject\downloads</msg>
<status status="PASS" starttime="20211225 12:49:44.118" endtime="20211225 12:49:44.118"/>
</kw>
<status status="PASS" starttime="20211225 12:49:44.102" endtime="20211225 12:49:44.118"/>
</kw>
<status status="PASS" starttime="20211225 12:49:44.102" endtime="20211225 12:49:44.118"/>
</kw>
<suite id="s1-s1" name="Google Search" source="C:\Users\suneet\PycharmProjects\pythonProject\testui\test\google_search">
<suite id="s1-s1-s1" name="Sp Google Search" source="C:\Users\suneet\PycharmProjects\pythonProject\testui\test\google_search\sp_google_search.robot">
<kw name="User launches the browser" library="sp_browser_actions" type="SETUP">
<doc>This action method deals with launching of the browser</doc>
<kw name="User Opens the Browser" library="sp_browser_pages">
<doc>This method consist of the actual robot-selenium method to launch the browser with blank site</doc>
<kw name="Open Browser" library="SeleniumLibrary">
<arg>about:blank</arg>
<arg>browser=${BROWSER}</arg>
<doc>Opens a new browser instance to the optional ``url``.</doc>
<msg timestamp="20211225 12:49:44.165" level="INFO">Opening browser 'firefox' to base url 'about:blank'.</msg>
<msg timestamp="20211225 12:49:44.180" level="INFO">Firefox driver log is always forced to to: C:\Users\suneet\PycharmProjects\pythonProject\pabot_results\0\geckodriver-1.log</msg>
<kw name="Capture Page Screenshot" library="SeleniumLibrary">
<doc>Takes a screenshot of the current page and embeds it into a log file.</doc>
<msg timestamp="20211225 12:49:44.180" level="INFO">Cannot capture screenshot because no browser is open.</msg>
<status status="PASS" starttime="20211225 12:49:44.180" endtime="20211225 12:49:44.180"/>
</kw>
<msg timestamp="20211225 12:49:44.180" level="FAIL">WebDriverException: Message: 'geckodriver' executable needs to be in PATH. 
</msg>
<status status="FAIL" starttime="20211225 12:49:44.165" endtime="20211225 12:49:44.180"/>
</kw>
<status status="FAIL" starttime="20211225 12:49:44.165" endtime="20211225 12:49:44.180"/>
</kw>
<status status="FAIL" starttime="20211225 12:49:44.165" endtime="20211225 12:49:44.180"/>
</kw>
<test id="s1-s1-s1-t1" name="TC-001 Google search for a query and verification">
<doc>This test case deals with the mocking of the user action to search any string on given browser and verify the given conditions.</doc>
<tag>search</tag>
<tag>TC-001</tag>
<tag>test_cases</tag>
<status status="FAIL" starttime="20211225 12:49:44.180" endtime="20211225 12:49:44.180">Parent suite setup failed:
WebDriverException: Message: 'geckodriver' executable needs to be in PATH. 
</status>
</test>
<kw name="User closes the browser" library="sp_browser_actions" type="TEARDOWN">
<doc>This action method deals with the closing of the browser</doc>
<kw name="Close Browser" library="SeleniumLibrary">
<doc>Closes the current browser.</doc>
<status status="PASS" starttime="20211225 12:49:44.196" endtime="20211225 12:49:44.196"/>
</kw>
<status status="PASS" starttime="20211225 12:49:44.180" endtime="20211225 12:49:44.196"/>
</kw>
<status status="FAIL" starttime="20211225 12:49:44.118" endtime="20211225 12:49:44.196">Suite setup failed:
WebDriverException: Message: 'geckodriver' executable needs to be in PATH. 
</status>
</suite>
<status status="FAIL" starttime="20211225 12:49:44.118" endtime="20211225 12:49:44.196"/>
</suite>
<status status="FAIL" starttime="20211225 12:49:43.727" endtime="20211225 12:49:44.196"/>
</suite>
<statistics>
<total>
<stat pass="0" fail="1" skip="0">All Tests</stat>
</total>
<tag>
<stat pass="0" fail="1" skip="0">search</stat>
<stat pass="0" fail="1" skip="0">TC-001</stat>
<stat pass="0" fail="1" skip="0">test_cases</stat>
</tag>
<suite>
<stat pass="0" fail="1" skip="0" id="s1" name="Test">Test</stat>
<stat pass="0" fail="1" skip="0" id="s1-s1" name="Google Search">Test.Google Search</stat>
<stat pass="0" fail="1" skip="0" id="s1-s1-s1" name="Sp Google Search">Test.Google Search.Sp Google Search</stat>
</suite>
</statistics>
<errors>
</errors>
</robot>
